TN:
SF:src\controller\taskController.js
FN:8,(anonymous_0)
FN:14,(anonymous_1)
FN:20,(anonymous_2)
FN:26,(anonymous_3)
FN:33,(anonymous_4)
FN:39,(anonymous_5)
FNF:6
FNH:6
FNDA:1,(anonymous_0)
FNDA:1,(anonymous_1)
FNDA:1,(anonymous_2)
FNDA:1,(anonymous_3)
FNDA:1,(anonymous_4)
FNDA:1,(anonymous_5)
DA:1,1
DA:2,1
DA:3,1
DA:4,1
DA:6,1
DA:9,1
DA:10,1
DA:11,1
DA:15,1
DA:16,1
DA:17,1
DA:21,1
DA:22,1
DA:23,1
DA:27,1
DA:28,1
DA:29,1
DA:30,1
DA:34,1
DA:35,1
DA:36,1
DA:40,1
DA:41,1
DA:42,1
DA:46,1
LF:25
LH:25
BRF:0
BRH:0
end_of_record
TN:
SF:src\model\admin.model.js
FNF:0
FNH:0
DA:1,1
DA:3,1
DA:60,1
DA:61,1
LF:4
LH:4
BRF:0
BRH:0
end_of_record
TN:
SF:src\model\auth.model.js
FNF:0
FNH:0
DA:1,1
DA:3,1
DA:24,1
DA:25,1
LF:4
LH:4
BRF:0
BRH:0
end_of_record
TN:
SF:src\model\engineers.model.js
FNF:0
FNH:0
DA:1,1
DA:3,1
DA:79,1
DA:80,1
LF:4
LH:4
BRF:0
BRH:0
end_of_record
TN:
SF:src\model\tickets.model.js
FNF:0
FNH:0
DA:1,1
DA:3,1
DA:5,1
DA:7,1
DA:76,1
DA:78,1
LF:6
LH:6
BRF:0
BRH:0
end_of_record
TN:
SF:src\model\users.model.js
FNF:0
FNH:0
DA:1,1
DA:3,1
DA:51,1
DA:52,1
LF:4
LH:4
BRF:0
BRH:0
end_of_record
TN:
SF:src\repository\taskRepository.js
FN:8,(anonymous_0)
FN:11,(anonymous_1)
FN:15,(anonymous_2)
FN:18,(anonymous_3)
FN:22,(anonymous_4)
FN:26,(anonymous_5)
FN:34,(anonymous_6)
FN:38,(anonymous_7)
FNF:8
FNH:8
FNDA:2,(anonymous_0)
FNDA:2,(anonymous_1)
FNDA:1,(anonymous_2)
FNDA:1,(anonymous_3)
FNDA:1,(anonymous_4)
FNDA:2,(anonymous_5)
FNDA:2,(anonymous_6)
FNDA:2,(anonymous_7)
DA:1,1
DA:2,1
DA:3,1
DA:4,1
DA:5,1
DA:9,2
DA:12,2
DA:16,1
DA:19,1
DA:23,1
DA:27,2
DA:35,2
DA:39,2
DA:44,1
LF:14
LH:14
BRF:0
BRH:0
end_of_record
TN:
SF:src\service\taskService.js
FN:6,(anonymous_0)
FN:10,(anonymous_1)
FN:22,(anonymous_2)
FN:34,(anonymous_3)
FN:46,(anonymous_4)
FN:72,(anonymous_5)
FN:92,(anonymous_6)
FN:127,(anonymous_7)
FN:144,(anonymous_8)
FNF:9
FNH:9
FNDA:27,(anonymous_0)
FNDA:3,(anonymous_1)
FNDA:3,(anonymous_2)
FNDA:3,(anonymous_3)
FNDA:3,(anonymous_4)
FNDA:4,(anonymous_5)
FNDA:5,(anonymous_6)
FNDA:5,(anonymous_7)
FNDA:1,(anonymous_8)
DA:1,1
DA:2,1
DA:3,1
DA:7,27
DA:11,3
DA:12,1
DA:14,2
DA:15,1
DA:18,1
DA:23,3
DA:24,1
DA:26,2
DA:27,1
DA:30,1
DA:35,3
DA:36,1
DA:38,2
DA:39,1
DA:42,1
DA:47,3
DA:48,3
DA:49,1
DA:51,2
DA:57,2
DA:60,2
DA:62,2
DA:63,2
DA:64,1
DA:65,1
DA:67,1
DA:68,1
DA:73,4
DA:74,4
DA:75,4
DA:76,1
DA:79,3
DA:81,3
DA:82,1
DA:84,2
DA:85,1
DA:87,2
DA:89,2
DA:93,5
DA:94,5
DA:96,5
DA:97,4
DA:99,3
DA:100,3
DA:103,2
DA:104,1
DA:108,1
DA:109,1
DA:110,1
DA:113,1
DA:114,1
DA:115,1
DA:118,1
DA:120,1
DA:122,0
DA:123,0
DA:128,5
DA:129,5
DA:131,5
DA:132,4
DA:134,3
DA:135,3
DA:138,2
DA:139,1
DA:143,1
DA:144,1
DA:146,1
DA:150,1
DA:153,1
DA:154,1
DA:155,1
DA:157,1
DA:159,0
DA:160,0
DA:165,1
LF:79
LH:75
BRDA:11,0,0,1
BRDA:11,0,1,2
BRDA:14,1,0,1
BRDA:14,1,1,1
BRDA:23,2,0,1
BRDA:23,2,1,2
BRDA:26,3,0,1
BRDA:26,3,1,1
BRDA:35,4,0,1
BRDA:35,4,1,2
BRDA:38,5,0,1
BRDA:38,5,1,1
BRDA:48,6,0,1
BRDA:48,6,1,2
BRDA:48,7,0,3
BRDA:48,7,1,2
BRDA:48,7,2,2
BRDA:75,8,0,1
BRDA:75,8,1,3
BRDA:81,9,0,1
BRDA:81,9,1,2
BRDA:84,10,0,1
BRDA:84,10,1,1
BRDA:96,11,0,1
BRDA:96,11,1,4
BRDA:97,12,0,1
BRDA:97,12,1,3
BRDA:97,13,0,4
BRDA:97,13,1,4
BRDA:100,14,0,1
BRDA:100,14,1,2
BRDA:103,15,0,1
BRDA:103,15,1,1
BRDA:103,16,0,2
BRDA:103,16,1,1
BRDA:113,17,0,1
BRDA:113,17,1,0
BRDA:131,18,0,1
BRDA:131,18,1,4
BRDA:132,19,0,1
BRDA:132,19,1,3
BRDA:132,20,0,4
BRDA:132,20,1,4
BRDA:135,21,0,1
BRDA:135,21,1,2
BRDA:138,22,0,1
BRDA:138,22,1,1
BRF:47
BRH:46
end_of_record
