TN:
SF:src\controller\adminController.js
FN:6,(anonymous_0)
FN:14,(anonymous_1)
FN:23,(anonymous_2)
FN:32,(anonymous_3)
FN:43,(anonymous_4)
FN:52,(anonymous_5)
FN:61,(anonymous_6)
FN:70,(anonymous_7)
FN:78,(anonymous_8)
FNF:9
FNH:9
FNDA:2,(anonymous_0)
FNDA:3,(anonymous_1)
FNDA:2,(anonymous_2)
FNDA:2,(anonymous_3)
FNDA:2,(anonymous_4)
FNDA:2,(anonymous_5)
FNDA:3,(anonymous_6)
FNDA:3,(anonymous_7)
FNDA:3,(anonymous_8)
DA:1,1
DA:2,1
DA:3,1
DA:5,1
DA:7,2
DA:8,2
DA:9,1
DA:11,1
DA:15,3
DA:16,3
DA:17,2
DA:18,1
DA:20,1
DA:24,2
DA:25,2
DA:26,2
DA:27,1
DA:29,1
DA:33,2
DA:34,2
DA:35,2
DA:36,1
DA:38,1
DA:44,2
DA:45,2
DA:46,2
DA:47,1
DA:49,1
DA:53,2
DA:54,2
DA:55,2
DA:56,1
DA:58,1
DA:62,3
DA:63,3
DA:64,1
DA:66,2
DA:67,1
DA:71,3
DA:72,2
DA:73,1
DA:75,1
DA:79,3
DA:80,3
DA:81,3
DA:82,2
DA:83,1
DA:85,1
DA:89,1
LF:49
LH:49
BRDA:8,0,0,1
BRDA:8,0,1,1
BRDA:17,1,0,1
BRDA:17,1,1,1
BRDA:17,2,0,2
BRDA:17,2,1,2
BRDA:26,3,0,1
BRDA:26,3,1,1
BRDA:35,4,0,1
BRDA:35,4,1,1
BRDA:46,5,0,1
BRDA:46,5,1,1
BRDA:55,6,0,1
BRDA:55,6,1,1
BRDA:63,7,0,1
BRDA:63,7,1,2
BRDA:63,8,0,3
BRDA:63,8,1,2
BRDA:72,9,0,1
BRDA:72,9,1,1
BRDA:82,10,0,1
BRDA:82,10,1,1
BRF:22
BRH:22
end_of_record
TN:
SF:src\model\admin.model.js
FNF:0
FNH:0
DA:1,1
DA:3,1
DA:52,1
DA:53,1
LF:4
LH:4
BRF:0
BRH:0
end_of_record
TN:
SF:src\model\auth.model.js
FNF:0
FNH:0
DA:1,1
DA:3,1
DA:24,1
DA:25,1
LF:4
LH:4
BRF:0
BRH:0
end_of_record
TN:
SF:src\model\engineers.model.js
FNF:0
FNH:0
DA:1,1
DA:3,1
DA:79,1
DA:80,1
LF:4
LH:4
BRF:0
BRH:0
end_of_record
TN:
SF:src\model\tickets.model.js
FNF:0
FNH:0
DA:1,1
DA:3,1
DA:5,1
DA:7,1
DA:76,1
DA:78,1
LF:6
LH:6
BRF:0
BRH:0
end_of_record
TN:
SF:src\model\users.model.js
FNF:0
FNH:0
DA:1,1
DA:3,1
DA:51,1
DA:52,1
LF:4
LH:4
BRF:0
BRH:0
end_of_record
TN:
SF:src\repository\adminRepository.js
FN:8,(anonymous_0)
FN:12,(anonymous_1)
FN:16,(anonymous_2)
FN:20,(anonymous_3)
FN:24,(anonymous_4)
FN:28,(anonymous_5)
FN:41,(anonymous_6)
FN:57,(anonymous_7)
FN:80,(anonymous_8)
FN:104,(anonymous_9)
FN:114,(anonymous_10)
FNF:11
FNH:11
FNDA:1,(anonymous_0)
FNDA:1,(anonymous_1)
FNDA:1,(anonymous_2)
FNDA:1,(anonymous_3)
FNDA:1,(anonymous_4)
FNDA:1,(anonymous_5)
FNDA:1,(anonymous_6)
FNDA:5,(anonymous_7)
FNDA:1,(anonymous_8)
FNDA:2,(anonymous_9)
FNDA:3,(anonymous_10)
DA:1,1
DA:2,1
DA:3,1
DA:4,1
DA:5,1
DA:9,1
DA:13,1
DA:17,1
DA:21,1
DA:25,1
DA:29,1
DA:42,1
DA:58,5
DA:60,5
DA:61,4
DA:62,1
DA:66,3
DA:67,3
DA:68,1
DA:72,3
DA:73,3
DA:74,1
DA:78,2
DA:79,1
DA:80,1
DA:82,1
DA:83,1
DA:87,2
DA:88,2
DA:89,2
DA:90,2
DA:93,2
DA:94,2
DA:95,2
DA:97,2
DA:99,1
DA:100,1
DA:105,2
DA:106,2
DA:107,1
DA:109,1
DA:110,1
DA:115,3
DA:116,3
DA:122,2
DA:123,1
DA:126,1
DA:128,1
DA:129,1
DA:134,1
LF:50
LH:50
BRDA:61,0,0,1
BRDA:61,0,1,3
BRDA:67,1,0,1
BRDA:67,1,1,2
BRDA:73,2,0,1
BRDA:73,2,1,2
BRDA:78,3,0,1
BRDA:78,3,1,1
BRDA:122,4,0,1
BRDA:122,4,1,1
BRF:10
BRH:10
end_of_record
TN:
SF:src\route\adminRoutes.js
FNF:0
FNH:0
DA:1,1
DA:2,1
DA:3,1
DA:4,1
DA:6,1
DA:10,1
DA:14,1
DA:18,1
DA:22,1
DA:26,1
DA:30,1
DA:34,1
DA:38,1
DA:42,1
DA:44,1
LF:15
LH:15
BRF:0
BRH:0
end_of_record
TN:
SF:src\service\adminServices.js
FN:10,(anonymous_0)
FN:14,(anonymous_1)
FN:18,(anonymous_2)
FN:27,(anonymous_3)
FN:31,(anonymous_4)
FN:35,(anonymous_5)
FN:39,(anonymous_6)
FN:43,(anonymous_7)
FN:47,(anonymous_8)
FN:51,(anonymous_9)
FNF:10
FNH:10
FNDA:66,(anonymous_0)
FNDA:1,(anonymous_1)
FNDA:7,(anonymous_2)
FNDA:6,(anonymous_3)
FNDA:10,(anonymous_4)
FNDA:9,(anonymous_5)
FNDA:11,(anonymous_6)
FNDA:9,(anonymous_7)
FNDA:3,(anonymous_8)
FNDA:9,(anonymous_9)
DA:1,1
DA:2,1
DA:3,1
DA:4,1
DA:5,1
DA:6,1
DA:7,1
DA:11,66
DA:15,1
DA:19,7
DA:20,3
DA:21,4
DA:22,3
DA:24,1
DA:28,6
DA:32,10
DA:36,9
DA:40,11
DA:44,9
DA:48,3
DA:52,9
DA:56,1
LF:22
LH:22
BRDA:19,0,0,3
BRDA:19,0,1,4
BRDA:21,1,0,3
BRDA:21,1,1,1
BRF:4
BRH:4
end_of_record
TN:
SF:src\utils\authMiddleware.js
FN:37,(anonymous_0)
FN:37,(anonymous_1)
FNF:2
FNH:2
FNDA:9,(anonymous_0)
FNDA:5,(anonymous_1)
DA:34,1
DA:35,1
DA:37,9
DA:38,5
DA:39,5
DA:40,5
DA:41,0
DA:44,5
DA:45,5
DA:46,0
DA:49,5
DA:50,5
DA:52,0
DA:53,0
DA:56,0
DA:59,0
DA:60,0
DA:63,0
DA:65,5
DA:69,1
LF:20
LH:12
BRDA:37,0,0,0
BRDA:40,1,0,0
BRDA:40,1,1,5
BRDA:45,2,0,0
BRDA:45,2,1,5
BRDA:52,3,0,0
BRDA:52,3,1,0
BRDA:59,4,0,0
BRDA:59,4,1,0
BRDA:59,5,0,0
BRDA:59,5,1,0
BRF:11
BRH:2
end_of_record
TN:
SF:src\utils\jwtHelper.js
FN:6,(anonymous_0)
FN:22,(anonymous_1)
FNF:2
FNH:1
FNDA:0,(anonymous_0)
FNDA:5,(anonymous_1)
DA:1,1
DA:3,1
DA:6,1
DA:7,0
DA:13,0
DA:17,0
DA:18,0
DA:22,1
DA:23,5
DA:24,5
DA:25,0
DA:27,5
DA:32,1
LF:13
LH:8
BRF:0
BRH:0
end_of_record
