TN:
SF:src\controller\hazardController.js
FN:6,(anonymous_0)
FN:11,(anonymous_1)
FN:17,(anonymous_2)
FN:24,(anonymous_3)
FN:30,(anonymous_4)
FNF:5
FNH:5
FNDA:1,(anonymous_0)
FNDA:1,(anonymous_1)
FNDA:1,(anonymous_2)
FNDA:1,(anonymous_3)
FNDA:1,(anonymous_4)
DA:1,1
DA:2,1
DA:3,1
DA:5,1
DA:7,1
DA:8,1
DA:12,1
DA:13,1
DA:14,1
DA:18,1
DA:19,1
DA:20,1
DA:21,1
DA:25,1
DA:26,1
DA:27,1
DA:31,1
DA:32,1
DA:33,1
DA:37,1
LF:20
LH:20
BRF:0
BRH:0
end_of_record
TN:
SF:src\controller\notificationController.js
FN:6,(anonymous_0)
FN:11,(anonymous_1)
FN:17,(anonymous_2)
FN:23,(anonymous_3)
FNF:4
FNH:3
FNDA:1,(anonymous_0)
FNDA:1,(anonymous_1)
FNDA:1,(anonymous_2)
FNDA:0,(anonymous_3)
DA:1,1
DA:2,1
DA:3,1
DA:5,1
DA:7,1
DA:8,1
DA:12,1
DA:13,1
DA:14,1
DA:18,1
DA:19,1
DA:20,1
DA:24,0
DA:25,0
DA:26,0
DA:30,1
LF:16
LH:13
BRF:0
BRH:0
end_of_record
TN:
SF:src\model\hazards.model.js
FNF:0
FNH:0
DA:1,1
DA:3,1
DA:46,1
DA:47,1
LF:4
LH:4
BRF:0
BRH:0
end_of_record
TN:
SF:src\model\notification.model.js
FN:13,(anonymous_0)
FNF:1
FNH:0
FNDA:0,(anonymous_0)
DA:1,1
DA:3,1
DA:12,1
DA:14,0
DA:15,0
DA:18,1
LF:6
LH:4
BRF:0
BRH:0
end_of_record
TN:
SF:src\repository\hazardRepository.js
FN:3,(anonymous_0)
FN:6,(anonymous_1)
FN:9,(anonymous_2)
FN:12,(anonymous_3)
FN:15,(anonymous_4)
FNF:5
FNH:5
FNDA:1,(anonymous_0)
FNDA:1,(anonymous_1)
FNDA:2,(anonymous_2)
FNDA:2,(anonymous_3)
FNDA:1,(anonymous_4)
DA:1,1
DA:4,1
DA:7,1
DA:10,2
DA:13,2
DA:16,1
DA:21,1
LF:7
LH:7
BRF:0
BRH:0
end_of_record
TN:
SF:src\repository\notificationRepository.js
FN:5,(anonymous_0)
FN:11,(anonymous_1)
FN:16,(anonymous_2)
FNF:3
FNH:3
FNDA:1,(anonymous_0)
FNDA:1,(anonymous_1)
FNDA:2,(anonymous_2)
DA:1,1
DA:6,1
DA:7,1
DA:12,1
DA:17,2
DA:22,2
DA:23,2
DA:27,1
LF:8
LH:8
BRF:0
BRH:0
end_of_record
TN:
SF:src\service\hazardService.js
FN:6,(anonymous_0)
FN:10,(anonymous_1)
FN:14,(anonymous_2)
FN:36,(anonymous_3)
FN:53,(anonymous_4)
FN:70,(anonymous_5)
FN:79,(anonymous_6)
FNF:7
FNH:7
FNDA:12,(anonymous_0)
FNDA:1,(anonymous_1)
FNDA:3,(anonymous_2)
FNDA:2,(anonymous_3)
FNDA:2,(anonymous_4)
FNDA:2,(anonymous_5)
FNDA:1,(anonymous_6)
DA:1,1
DA:2,1
DA:3,1
DA:7,12
DA:8,12
DA:11,1
DA:15,3
DA:16,3
DA:17,3
DA:22,2
DA:23,1
DA:25,1
DA:26,1
DA:32,1
DA:37,2
DA:38,2
DA:39,1
DA:44,1
DA:45,1
DA:46,1
DA:47,1
DA:49,1
DA:54,2
DA:55,2
DA:56,1
DA:57,1
DA:61,1
DA:63,2
DA:64,1
DA:66,1
DA:71,2
DA:72,2
DA:73,1
DA:75,1
DA:80,1
DA:85,1
LF:36
LH:36
BRDA:22,0,0,1
BRDA:22,0,1,1
BRDA:55,1,0,1
BRDA:55,1,1,1
BRF:4
BRH:4
end_of_record
TN:
SF:src\service\notificationService.js
FN:15,(anonymous_0)
FN:20,(anonymous_1)
FN:25,(anonymous_2)
FN:30,(anonymous_3)
FN:35,(anonymous_4)
FNF:5
FNH:5
FNDA:7,(anonymous_0)
FNDA:1,(anonymous_1)
FNDA:1,(anonymous_2)
FNDA:1,(anonymous_3)
FNDA:3,(anonymous_4)
DA:1,1
DA:2,1
DA:4,1
DA:6,1
DA:16,7
DA:21,1
DA:26,1
DA:31,1
DA:36,3
DA:37,3
DA:38,3
DA:39,1
DA:41,2
DA:42,2
DA:43,2
DA:44,2
DA:45,2
DA:47,0
DA:48,0
DA:53,1
LF:20
LH:18
BRDA:38,0,0,1
BRDA:38,0,1,2
BRDA:38,1,0,3
BRDA:38,1,1,2
BRDA:38,1,2,2
BRF:5
BRH:5
end_of_record
