TN:
SF:src\controller\userController.js
FN:6,(anonymous_0)
FN:11,(anonymous_1)
FN:17,(anonymous_2)
FN:22,(anonymous_3)
FN:27,(anonymous_4)
FN:32,(anonymous_5)
FN:38,(anonymous_6)
FN:46,(anonymous_7)
FNF:8
FNH:8
FNDA:2,(anonymous_0)
FNDA:2,(anonymous_1)
FNDA:2,(anonymous_2)
FNDA:2,(anonymous_3)
FNDA:2,(anonymous_4)
FNDA:2,(anonymous_5)
FNDA:2,(anonymous_6)
FNDA:2,(anonymous_7)
DA:1,1
DA:2,1
DA:3,1
DA:5,1
DA:7,2
DA:8,1
DA:12,2
DA:13,2
DA:14,1
DA:18,2
DA:19,1
DA:23,2
DA:24,1
DA:28,2
DA:29,1
DA:33,2
DA:34,2
DA:35,1
DA:39,2
DA:40,2
DA:41,1
DA:42,1
DA:47,2
DA:48,2
DA:49,2
DA:50,1
DA:51,1
DA:56,1
LF:28
LH:28
BRF:0
BRH:0
end_of_record
TN:
SF:src\model\admin.model.js
FNF:0
FNH:0
DA:1,1
DA:3,1
DA:60,1
DA:61,1
LF:4
LH:4
BRF:0
BRH:0
end_of_record
TN:
SF:src\model\auth.model.js
FNF:0
FNH:0
DA:1,1
DA:3,1
DA:24,1
DA:25,1
LF:4
LH:4
BRF:0
BRH:0
end_of_record
TN:
SF:src\model\engineers.model.js
FNF:0
FNH:0
DA:1,1
DA:3,1
DA:79,1
DA:80,1
LF:4
LH:4
BRF:0
BRH:0
end_of_record
TN:
SF:src\model\tickets.model.js
FNF:0
FNH:0
DA:1,1
DA:3,1
DA:5,1
DA:7,1
DA:76,1
DA:78,1
LF:6
LH:6
BRF:0
BRH:0
end_of_record
TN:
SF:src\model\users.model.js
FNF:0
FNH:0
DA:1,1
DA:3,1
DA:51,1
DA:52,1
LF:4
LH:4
BRF:0
BRH:0
end_of_record
TN:
SF:src\repository\userRepository.js
FN:9,(anonymous_0)
FN:13,(anonymous_1)
FN:18,(anonymous_2)
FN:22,(anonymous_3)
FN:26,(anonymous_4)
FN:30,(anonymous_5)
FN:34,(anonymous_6)
FN:38,(anonymous_7)
FN:41,(anonymous_8)
FN:44,(anonymous_9)
FN:47,(anonymous_10)
FN:51,(anonymous_11)
FN:55,(anonymous_12)
FN:59,(anonymous_13)
FN:63,(anonymous_14)
FN:69,(anonymous_15)
FN:77,(anonymous_16)
FN:88,(anonymous_17)
FN:92,(anonymous_18)
FN:96,(anonymous_19)
FN:100,(anonymous_20)
FN:103,(anonymous_21)
FNF:22
FNH:21
FNDA:2,(anonymous_0)
FNDA:1,(anonymous_1)
FNDA:1,(anonymous_2)
FNDA:1,(anonymous_3)
FNDA:1,(anonymous_4)
FNDA:1,(anonymous_5)
FNDA:1,(anonymous_6)
FNDA:1,(anonymous_7)
FNDA:1,(anonymous_8)
FNDA:1,(anonymous_9)
FNDA:1,(anonymous_10)
FNDA:1,(anonymous_11)
FNDA:1,(anonymous_12)
FNDA:1,(anonymous_13)
FNDA:1,(anonymous_14)
FNDA:1,(anonymous_15)
FNDA:0,(anonymous_16)
FNDA:1,(anonymous_17)
FNDA:1,(anonymous_18)
FNDA:1,(anonymous_19)
FNDA:1,(anonymous_20)
FNDA:1,(anonymous_21)
DA:1,1
DA:2,1
DA:3,1
DA:4,1
DA:5,1
DA:10,2
DA:14,1
DA:19,1
DA:23,1
DA:27,1
DA:31,1
DA:35,1
DA:39,1
DA:42,1
DA:45,1
DA:48,1
DA:52,1
DA:56,1
DA:60,1
DA:64,1
DA:70,1
DA:78,0
DA:89,1
DA:93,1
DA:97,1
DA:101,1
DA:104,1
DA:108,1
LF:28
LH:27
BRF:0
BRH:0
end_of_record
TN:
SF:src\service\userServices.js
FN:11,(anonymous_0)
FN:16,(anonymous_1)
FN:20,(anonymous_2)
FN:24,(anonymous_3)
FN:47,(anonymous_4)
FN:125,(anonymous_5)
FN:167,(anonymous_6)
FN:181,(anonymous_7)
FN:242,(anonymous_8)
FN:254,(anonymous_9)
FN:269,(anonymous_10)
FN:273,(anonymous_11)
FN:284,(anonymous_12)
FN:288,(anonymous_13)
FN:289,(anonymous_14)
FN:296,(anonymous_15)
FN:299,(anonymous_16)
FN:309,(anonymous_17)
FN:332,(anonymous_18)
FN:357,(anonymous_19)
FN:374,(anonymous_20)
FN:375,(anonymous_21)
FN:387,(anonymous_22)
FN:406,(anonymous_23)
FNF:24
FNH:24
FNDA:56,(anonymous_0)
FNDA:1,(anonymous_1)
FNDA:1,(anonymous_2)
FNDA:4,(anonymous_3)
FNDA:9,(anonymous_4)
FNDA:9,(anonymous_5)
FNDA:4,(anonymous_6)
FNDA:7,(anonymous_7)
FNDA:3,(anonymous_8)
FNDA:4,(anonymous_9)
FNDA:5,(anonymous_10)
FNDA:4,(anonymous_11)
FNDA:1,(anonymous_12)
FNDA:3,(anonymous_13)
FNDA:3,(anonymous_14)
FNDA:4,(anonymous_15)
FNDA:5,(anonymous_16)
FNDA:3,(anonymous_17)
FNDA:2,(anonymous_18)
FNDA:2,(anonymous_19)
FNDA:1,(anonymous_20)
FNDA:1,(anonymous_21)
FNDA:3,(anonymous_22)
FNDA:3,(anonymous_23)
DA:1,1
DA:2,1
DA:3,1
DA:4,1
DA:5,1
DA:6,1
DA:7,1
DA:12,56
DA:17,1
DA:21,1
DA:25,4
DA:26,4
DA:27,4
DA:32,3
DA:33,1
DA:35,1
DA:36,1
DA:42,2
DA:43,2
DA:48,9
DA:49,9
DA:50,9
DA:51,9
DA:52,1
DA:54,8
DA:67,8
DA:69,8
DA:70,3
DA:71,3
DA:72,1
DA:73,1
DA:76,2
DA:85,2
DA:86,2
DA:88,5
DA:89,2
DA:90,2
DA:91,2
DA:93,3
DA:94,2
DA:95,2
DA:96,2
DA:98,1
DA:102,3
DA:105,3
DA:110,3
DA:111,3
DA:126,9
DA:128,9
DA:129,8
DA:130,1
DA:134,7
DA:135,7
DA:136,1
DA:139,6
DA:141,6
DA:142,2
DA:143,2
DA:144,1
DA:148,4
DA:149,2
DA:150,2
DA:151,1
DA:154,2
DA:155,2
DA:156,2
DA:157,1
DA:161,3
DA:163,1
DA:164,1
DA:168,4
DA:169,4
DA:182,7
DA:183,7
DA:184,7
DA:187,7
DA:188,6
DA:189,1
DA:192,5
DA:193,5
DA:196,5
DA:203,5
DA:204,0
DA:207,5
DA:209,5
DA:210,0
DA:214,5
DA:215,2
DA:219,3
DA:220,2
DA:221,2
DA:222,1
DA:224,1
DA:228,1
DA:229,1
DA:230,1
DA:232,1
DA:235,0
DA:237,1
DA:238,1
DA:243,3
DA:244,3
DA:245,2
DA:247,1
DA:249,0
DA:250,0
DA:255,4
DA:256,4
DA:257,2
DA:258,2
DA:259,2
DA:261,2
DA:264,2
DA:265,2
DA:270,5
DA:274,4
DA:275,4
DA:276,4
DA:277,4
DA:280,4
DA:281,4
DA:285,1
DA:286,1
DA:287,1
DA:288,3
DA:289,3
DA:296,4
DA:300,5
DA:301,5
DA:302,5
DA:303,5
DA:305,5
DA:306,4
DA:307,1
DA:309,3
DA:310,3
DA:311,3
DA:312,3
DA:313,3
DA:315,3
DA:317,3
DA:318,1
DA:321,2
DA:323,2
DA:324,1
DA:326,1
DA:328,1
DA:333,2
DA:334,2
DA:335,2
DA:336,1
DA:338,1
DA:339,1
DA:340,1
DA:341,1
DA:343,1
DA:344,1
DA:345,1
DA:346,1
DA:347,1
DA:348,1
DA:349,1
DA:350,1
DA:352,1
DA:353,1
DA:358,2
DA:359,2
DA:360,2
DA:361,2
DA:363,2
DA:364,2
DA:365,2
DA:366,2
DA:371,2
DA:372,2
DA:373,2
DA:374,1
DA:375,1
DA:378,0
DA:380,2
DA:383,0
DA:388,3
DA:390,3
DA:391,2
DA:393,1
DA:394,1
DA:396,3
DA:397,1
DA:399,2
DA:401,0
DA:402,0
DA:407,3
DA:409,3
DA:410,2
DA:412,1
DA:413,1
DA:414,1
DA:416,2
DA:418,1
DA:425,1
LF:200
LH:191
BRDA:32,0,0,1
BRDA:32,0,1,1
BRDA:51,1,0,1
BRDA:51,1,1,8
BRDA:63,2,0,3
BRDA:63,2,1,5
BRDA:69,3,0,3
BRDA:69,3,1,5
BRDA:71,4,0,1
BRDA:71,4,1,2
BRDA:78,5,0,2
BRDA:78,5,1,0
BRDA:79,6,0,2
BRDA:79,6,1,0
BRDA:86,7,0,1
BRDA:86,7,1,1
BRDA:88,8,0,2
BRDA:88,8,1,3
BRDA:91,9,0,1
BRDA:91,9,1,1
BRDA:93,10,0,2
BRDA:93,10,1,1
BRDA:96,11,0,1
BRDA:96,11,1,1
BRDA:129,12,0,1
BRDA:129,12,1,7
BRDA:135,13,0,1
BRDA:135,13,1,6
BRDA:141,14,0,2
BRDA:141,14,1,4
BRDA:143,15,0,1
BRDA:143,15,1,1
BRDA:143,16,0,2
BRDA:143,16,1,1
BRDA:148,17,0,2
BRDA:148,17,1,2
BRDA:150,18,0,1
BRDA:150,18,1,1
BRDA:150,19,0,2
BRDA:150,19,1,1
BRDA:154,20,0,2
BRDA:154,20,1,0
BRDA:156,21,0,1
BRDA:156,21,1,1
BRDA:156,22,0,2
BRDA:156,22,1,1
BRDA:174,23,0,4
BRDA:174,23,1,3
BRDA:175,24,0,4
BRDA:175,24,1,2
BRDA:176,25,0,4
BRDA:176,25,1,3
BRDA:188,26,0,1
BRDA:188,26,1,5
BRDA:203,27,0,0
BRDA:203,27,1,5
BRDA:209,28,0,0
BRDA:209,28,1,5
BRDA:214,29,0,2
BRDA:214,29,1,3
BRDA:214,30,0,5
BRDA:214,30,1,3
BRDA:219,31,0,2
BRDA:219,31,1,1
BRDA:219,32,0,3
BRDA:219,32,1,2
BRDA:221,33,0,1
BRDA:221,33,1,1
BRDA:228,34,0,1
BRDA:228,34,1,0
BRDA:244,35,0,2
BRDA:244,35,1,1
BRDA:256,36,0,2
BRDA:256,36,1,2
BRDA:256,37,0,4
BRDA:256,37,1,4
BRDA:259,38,0,1
BRDA:259,38,1,1
BRDA:288,39,0,3
BRDA:288,39,1,3
BRDA:288,39,2,3
BRDA:296,40,0,4
BRDA:296,40,1,4
BRDA:306,41,0,1
BRDA:306,41,1,3
BRDA:317,42,0,1
BRDA:317,42,1,2
BRDA:323,43,0,1
BRDA:323,43,1,1
BRDA:340,44,0,1
BRDA:340,44,1,0
BRDA:347,45,0,1
BRDA:347,45,1,0
BRDA:363,46,0,2
BRDA:363,46,1,0
BRDA:390,47,0,2
BRDA:390,47,1,1
BRDA:393,48,0,1
BRDA:393,48,1,0
BRDA:396,49,0,1
BRDA:396,49,1,2
BRDA:409,50,0,2
BRDA:409,50,1,1
BRDA:412,51,0,1
BRDA:412,51,1,0
BRF:105
BRH:94
end_of_record
TN:
SF:src\utils\jwtHelper.js
FN:6,(anonymous_0)
FN:22,(anonymous_1)
FNF:2
FNH:0
FNDA:0,(anonymous_0)
FNDA:0,(anonymous_1)
DA:1,1
DA:3,1
DA:6,1
DA:7,0
DA:13,0
DA:17,0
DA:18,0
DA:22,1
DA:23,0
DA:24,0
DA:25,0
DA:27,0
DA:32,1
LF:13
LH:5
BRF:0
BRH:0
end_of_record
